<?xml version="1.0" encoding="UTF-8"?>
<!-- Generated by org.testng.reporters.JUnitXMLReporter -->
<testsuite ignored="0" hostname="DESKTOP-S01GLMS" failures="0" tests="5" name="Default test" time="14.171" errors="0" timestamp="2024-11-27T06:01:00 IST">
  <testcase classname="tests.RevenueCalculatorTest" name="navigateToRevenueCalculatorPageTest" time="0.528"/>
  <testcase classname="tests.RevenueCalculatorTest" name="adjustSliderAndValidateTest" time="1.908"/>
  <testcase classname="tests.RevenueCalculatorTest" name="updateTextBoxAndValidateSliderTest" time="1.712"/>
  <testcase classname="tests.RevenueCalculatorTest" name="selectCPTCodesTest" time="1.699"/>
  <testcase classname="tests.RevenueCalculatorTest" name="testValidateTotalRecurringReimbursement" time="0.167"/>
</testsuite> <!-- Default test -->
