<?xml version="1.0" encoding="UTF-8"?>
<!-- Generated by org.testng.reporters.JUnitXMLReporter -->
<testsuite ignored="2" hostname="DESKTOP-S01GLMS" failures="0" tests="5" name="Revenue Calculator Tests" time="55.852" errors="0" timestamp="2024-11-27T06:19:02 IST">
  <testcase classname="tests.RevenueCalculatorTest" name="navigateToRevenueCalculatorPageTest" time="0.535"/>
  <testcase classname="tests.RevenueCalculatorTest" name="adjustSliderAndValidateTest" time="1.841"/>
  <testcase classname="tests.RevenueCalculatorTest" name="updateTextBoxAndValidateSliderTest" time="1.409"/>
  <testcase classname="tests.RevenueCalculatorTest" name="selectCPTCodesTest" time="1.692"/>
  <testcase classname="tests.RevenueCalculatorTest" name="testValidateTotalRecurringReimbursement" time="0.083"/>
  <testcase classname="tests.BaseTest" name="@BeforeSuite setupReport" time="0.0">
    <ignored/>
  </testcase> <!-- @BeforeSuite setupReport -->
  <testcase classname="tests.BaseTest" name="@AfterSuite tearDownReport" time="0.0">
    <ignored/>
  </testcase> <!-- @AfterSuite tearDownReport -->
</testsuite> <!-- Revenue Calculator Tests -->
