<?xml version="1.0" encoding="UTF-8"?>
<testng-results ignored="0" total="5" passed="5" failed="0" skipped="0">
  <reporter-output>
  </reporter-output>
  <suite started-at="2024-11-27T06:18:06 IST" name=" FitPeo Automation Assignment" finished-at="2024-11-27T06:19:02 IST" duration-ms="55852">
    <groups>
    </groups>
    <test started-at="2024-11-27T06:18:06 IST" name="Revenue Calculator Tests" finished-at="2024-11-27T06:19:02 IST" duration-ms="55852">
      <class name="tests.RevenueCalculatorTest">
        <test-method is-config="true" signature="setupReport()[pri:0, instance:tests.RevenueCalculatorTest@2eae8e6e]" started-at="2024-11-27T06:18:06 IST" name="setupReport" finished-at="2024-11-27T06:18:06 IST" duration-ms="367" status="PASS">
          <reporter-output>
          </reporter-output>
        </test-method> <!-- setupReport -->
        <test-method is-config="true" signature="setUp()[pri:0, instance:tests.RevenueCalculatorTest@2eae8e6e]" started-at="2024-11-27T06:18:06 IST" name="setUp" finished-at="2024-11-27T06:18:54 IST" duration-ms="47869" status="PASS">
          <reporter-output>
          </reporter-output>
        </test-method> <!-- setUp -->
        <test-method signature="navigateToRevenueCalculatorPageTest()[pri:1, instance:tests.RevenueCalculatorTest@2eae8e6e]" started-at="2024-11-27T06:18:54 IST" name="navigateToRevenueCalculatorPageTest" finished-at="2024-11-27T06:18:55 IST" duration-ms="535" status="PASS">
          <reporter-output>
          </reporter-output>
        </test-method> <!-- navigateToRevenueCalculatorPageTest -->
        <test-method signature="adjustSliderAndValidateTest()[pri:2, instance:tests.RevenueCalculatorTest@2eae8e6e]" started-at="2024-11-27T06:18:55 IST" name="adjustSliderAndValidateTest" finished-at="2024-11-27T06:18:57 IST" duration-ms="1841" status="PASS">
          <reporter-output>
          </reporter-output>
        </test-method> <!-- adjustSliderAndValidateTest -->
        <test-method signature="updateTextBoxAndValidateSliderTest()[pri:3, instance:tests.RevenueCalculatorTest@2eae8e6e]" started-at="2024-11-27T06:18:57 IST" name="updateTextBoxAndValidateSliderTest" finished-at="2024-11-27T06:18:58 IST" duration-ms="1409" status="PASS">
          <reporter-output>
          </reporter-output>
        </test-method> <!-- updateTextBoxAndValidateSliderTest -->
        <test-method signature="selectCPTCodesTest()[pri:4, instance:tests.RevenueCalculatorTest@2eae8e6e]" started-at="2024-11-27T06:18:58 IST" name="selectCPTCodesTest" finished-at="2024-11-27T06:19:00 IST" duration-ms="1692" status="PASS">
          <reporter-output>
          </reporter-output>
        </test-method> <!-- selectCPTCodesTest -->
        <test-method signature="testValidateTotalRecurringReimbursement()[pri:5, instance:tests.RevenueCalculatorTest@2eae8e6e]" started-at="2024-11-27T06:19:00 IST" name="testValidateTotalRecurringReimbursement" finished-at="2024-11-27T06:19:00 IST" duration-ms="83" status="PASS">
          <reporter-output>
          </reporter-output>
        </test-method> <!-- testValidateTotalRecurringReimbursement -->
        <test-method is-config="true" signature="tearDown()[pri:0, instance:tests.RevenueCalculatorTest@2eae8e6e]" started-at="2024-11-27T06:19:00 IST" name="tearDown" finished-at="2024-11-27T06:19:02 IST" duration-ms="2329" status="PASS">
          <reporter-output>
          </reporter-output>
        </test-method> <!-- tearDown -->
        <test-method is-config="true" signature="tearDownReport()[pri:0, instance:tests.RevenueCalculatorTest@2eae8e6e]" started-at="2024-11-27T06:19:02 IST" name="tearDownReport" finished-at="2024-11-27T06:19:03 IST" duration-ms="839" status="PASS">
          <reporter-output>
          </reporter-output>
        </test-method> <!-- tearDownReport -->
      </class> <!-- tests.RevenueCalculatorTest -->
    </test> <!-- Revenue Calculator Tests -->
  </suite> <!--  FitPeo Automation Assignment -->
</testng-results>
